Build started 2/26/2016 11:29:21 PM.
     1>Project "C:\Users\yczhou\OneDrive\document\my course\ENGG5104 Image Processing and Computer Vision\engg5104_asgn2\stitch_p2\project2\project2.vcxproj" on node 2 (build target(s)).
     1>InitializeBuildStatus:
         Creating ".\Debug\project2.unsuccessfulbuild" because "AlwaysCreate" was specified.
       ClCompile:
         c:\Program Files (x86)\Microsoft Visual Studio 10.0\VC\bin\CL.exe /c /ZI /nologo /W3 /WX- /Od /Oy- /D WIN32 /D _DEBUG /D _CONSOLE /D _MBCS /Gm- /EHsc /RTC1 /MTd /GS /fp:precise /Zc:wchar_t /Zc:forScope /Fo".\Debug/" /Fd".\Debug/vc100.pdb" /Gd /TP /analyze- /errorReport:prompt Project2.cpp
         Project2.cpp
     1>c:\users\yczhou\onedrive\document\my course\engg5104 image processing and computer vision\engg5104_asgn2\stitch_p2\project2\imagelib\image.h(165): warning C4996: 'strcpy': This function or variable may be unsafe. Consider using strcpy_s instead. To disable deprecation, use _CRT_SECURE_NO_WARNINGS. See online help for details.
                 c:\program files (x86)\microsoft visual studio 10.0\vc\include\string.h(105) : see declaration of 'strcpy'
     1>c:\users\yczhou\onedrive\document\my course\engg5104 image processing and computer vision\engg5104_asgn2\stitch_p2\project2\imagelib\image.h(166): warning C4996: 'sprintf': This function or variable may be unsafe. Consider using sprintf_s instead. To disable deprecation, use _CRT_SECURE_NO_WARNINGS. See online help for details.
                 c:\program files (x86)\microsoft visual studio 10.0\vc\include\stdio.h(371) : see declaration of 'sprintf'
     1>c:\users\yczhou\onedrive\document\my course\engg5104 image processing and computer vision\engg5104_asgn2\stitch_p2\project2\imagelib\image.h(167): warning C4996: 'sprintf': This function or variable may be unsafe. Consider using sprintf_s instead. To disable deprecation, use _CRT_SECURE_NO_WARNINGS. See online help for details.
                 c:\program files (x86)\microsoft visual studio 10.0\vc\include\stdio.h(371) : see declaration of 'sprintf'
     1>c:\users\yczhou\onedrive\document\my course\engg5104 image processing and computer vision\engg5104_asgn2\stitch_p2\project2\imagelib\image.h(168): warning C4996: 'sprintf': This function or variable may be unsafe. Consider using sprintf_s instead. To disable deprecation, use _CRT_SECURE_NO_WARNINGS. See online help for details.
                 c:\program files (x86)\microsoft visual studio 10.0\vc\include\stdio.h(371) : see declaration of 'sprintf'
     1>c:\users\yczhou\onedrive\document\my course\engg5104 image processing and computer vision\engg5104_asgn2\stitch_p2\project2\imagelib\image.h(170): warning C4996: 'sprintf': This function or variable may be unsafe. Consider using sprintf_s instead. To disable deprecation, use _CRT_SECURE_NO_WARNINGS. See online help for details.
                 c:\program files (x86)\microsoft visual studio 10.0\vc\include\stdio.h(371) : see declaration of 'sprintf'
     1>c:\users\yczhou\onedrive\document\my course\engg5104 image processing and computer vision\engg5104_asgn2\stitch_p2\project2\project2.cpp(92): warning C4244: '=' : conversion from 'float' to 'uchar', possible loss of data
     1>c:\users\yczhou\onedrive\document\my course\engg5104 image processing and computer vision\engg5104_asgn2\stitch_p2\project2\cimg.h(14612): warning C4244: 'argument' : conversion from 'const double' to 'const int', possible loss of data
                 c:\users\yczhou\onedrive\document\my course\engg5104 image processing and computer vision\engg5104_asgn2\stitch_p2\project2\cimg.h(14610) : while compiling class template member function 'double cimg_library::CImg<T>::_cimg_math_parser::mp_joff(void)'
                 with
                 [
                     T=float
                 ]
                 c:\users\yczhou\onedrive\document\my course\engg5104 image processing and computer vision\engg5104_asgn2\stitch_p2\project2\cimg.h(15881) : see reference to class template instantiation 'cimg_library::CImg<T>::_cimg_math_parser' being compiled
                 with
                 [
                     T=float
                 ]
                 c:\users\yczhou\onedrive\document\my course\engg5104 image processing and computer vision\engg5104_asgn2\stitch_p2\project2\cimg.h(15879) : while compiling class template member function 'double cimg_library::CImg<T>::eval(const char *const ,const double,const double,const double,const double) const'
                 with
                 [
                     T=float
                 ]
                 c:\users\yczhou\onedrive\document\my course\engg5104 image processing and computer vision\engg5104_asgn2\stitch_p2\project2\cimg.h(46710) : see reference to class template instantiation 'cimg_library::CImg<T>' being compiled
                 with
                 [
                     T=float
                 ]
     1>c:\users\yczhou\onedrive\document\my course\engg5104 image processing and computer vision\engg5104_asgn2\stitch_p2\project2\cimg.h(14612): warning C4244: 'argument' : conversion from 'const double' to 'const int', possible loss of data
     1>c:\users\yczhou\onedrive\document\my course\engg5104 image processing and computer vision\engg5104_asgn2\stitch_p2\project2\cimg.h(14612): warning C4244: 'argument' : conversion from 'const double' to 'const int', possible loss of data
     1>c:\users\yczhou\onedrive\document\my course\engg5104 image processing and computer vision\engg5104_asgn2\stitch_p2\project2\cimg.h(14612): warning C4244: 'argument' : conversion from 'const double' to 'const int', possible loss of data
       ManifestResourceCompile:
         All outputs are up-to-date.
       Link:
         c:\Program Files (x86)\Microsoft Visual Studio 10.0\VC\bin\link.exe /ERRORREPORT:PROMPT /OUT:".\Debug/project2.exe" /INCREMENTAL /NOLOGO odbc32.lib odbccp32.lib opencv_calib3d2411d.lib opencv_contrib2411d.lib opencv_core2411d.lib opencv_features2d2411d.lib opencv_flann2411d.lib opencv_gpu2411d.lib opencv_highgui2411d.lib opencv_imgproc2411d.lib opencv_legacy2411d.lib opencv_ml2411d.lib opencv_nonfree2411d.lib opencv_objdetect2411d.lib opencv_ocl2411d.lib opencv_photo2411d.lib opencv_stitching2411d.lib opencv_superres2411d.lib opencv_ts2411d.lib opencv_video2411d.lib opencv_videostab2411d.lib kernel32.lib user32.lib gdi32.lib winspool.lib comdlg32.lib advapi32.lib shell32.lib ole32.lib oleaut32.lib uuid.lib odbc32.lib odbccp32.lib /MANIFEST /ManifestFile:".\Debug\project2.exe.intermediate.manifest" /MANIFESTUAC:"level='asInvoker' uiAccess='false'" /DEBUG /PDB:".\Debug/v4gP1.pdb" /SUBSYSTEM:CONSOLE /TLBID:1 /DYNAMICBASE /NXCOMPAT /IMPLIB:".\Debug\project2.lib" /MACHINE:X86 .\Debug\project2.exe.embed.manifest.res
         .\Debug/BlendImages.obj
         .\Debug/FeatureAlign.obj
         .\Debug/FeatureSet.obj
         .\Debug/GlobalAlign.obj
         .\Debug/jacob.obj
         .\Debug/P3Math.obj
         .\Debug/Project2.obj
         .\Debug/WarpSpherical.obj
         "C:\Users\yczhou\OneDrive\document\my course\ENGG5104 Image Processing and Computer Vision\engg5104_asgn2\stitch_p2\project2\ImageLib\Debug\ImageLib.lib" /MACHINE:I386 
       Manifest:
         C:\Program Files (x86)\Microsoft SDKs\Windows\v7.0A\bin\mt.exe /nologo /verbose /out:".\Debug\project2.exe.embed.manifest" /manifest .\Debug\project2.exe.intermediate.manifest
         All outputs are up-to-date.
       LinkEmbedManifest:
         All outputs are up-to-date.
         project2.vcxproj -> C:\Users\yczhou\OneDrive\document\my course\ENGG5104 Image Processing and Computer Vision\engg5104_asgn2\stitch_p2\project2\.\Debug\project2.exe
       FinalizeBuildStatus:
         Deleting file ".\Debug\project2.unsuccessfulbuild".
         Touching ".\Debug\project2.lastbuildstate".
     1>Done Building Project "C:\Users\yczhou\OneDrive\document\my course\ENGG5104 Image Processing and Computer Vision\engg5104_asgn2\stitch_p2\project2\project2.vcxproj" (build target(s)).

Build succeeded.

Time Elapsed 00:00:01.96
